<?xml version="1.0" encoding="UTF-8"?>
<!-- Generated by org.testng.reporters.JUnitReportReporter -->
<testsuite hostname="LAPTOP-2C4R6845" failures="0" tests="1" name="Sample_test_script.TC001_Test" time="11.565" errors="0" timestamp="2024-07-26T16:00:40 IST" skipped="0">
  <testcase classname="Sample_test_script.TC001_Test" name="Linkedin" time="11.565"/>
  <system-out/>
</testsuite> <!-- Sample_test_script.TC001_Test -->
